CRITICAL - 2023-04-24 02:42:08 --> syntax error, unexpected '}'
in APPPATH\Controllers\Categorias.php on line 51.
 1 SYSTEMPATH\Autoloader\Autoloader.php(289): CodeIgniter\Autoloader\Autoloader->includeFile('C:\\xampp\\htdocs\\bibliotecaCI\\app\\Controllers\\Categorias.php')
 2 SYSTEMPATH\Autoloader\Autoloader.php(267): CodeIgniter\Autoloader\Autoloader->loadInNamespace('App\\Controllers\\Categorias')
 3 [internal function]: CodeIgniter\Autoloader\Autoloader->loadClass('App\\Controllers\\Categorias')
 4 [internal function]: spl_autoload_call('App\\Controllers\\Categorias')
 5 SYSTEMPATH\CodeIgniter.php(892): class_exists('\\App\\Controllers\\Categorias', true)
 6 SYSTEMPATH\CodeIgniter.php(486): CodeIgniter\CodeIgniter->startController()
 7 SYSTEMPATH\CodeIgniter.php(368): CodeIgniter\CodeIgniter->handleRequest(null, Object(Config\Cache), false)
 8 FCPATH\index.php(67): CodeIgniter\CodeIgniter->run()
CRITICAL - 2023-04-24 03:46:58 --> Class 'App\Controllers\Category' not found
in APPPATH\Controllers\Libros.php on line 15.
 1 SYSTEMPATH\CodeIgniter.php(934): App\Controllers\Libros->index()
 2 SYSTEMPATH\CodeIgniter.php(499): CodeIgniter\CodeIgniter->runController(Object(App\Controllers\Libros))
 3 SYSTEMPATH\CodeIgniter.php(368): CodeIgniter\CodeIgniter->handleRequest(null, Object(Config\Cache), false)
 4 FCPATH\index.php(67): CodeIgniter\CodeIgniter->run()
CRITICAL - 2023-04-24 03:47:06 --> Call to undefined method App\Models\Categoria::all()
in APPPATH\Controllers\Libros.php on line 15.
 1 SYSTEMPATH\CodeIgniter.php(934): App\Controllers\Libros->index()
 2 SYSTEMPATH\CodeIgniter.php(499): CodeIgniter\CodeIgniter->runController(Object(App\Controllers\Libros))
 3 SYSTEMPATH\CodeIgniter.php(368): CodeIgniter\CodeIgniter->handleRequest(null, Object(Config\Cache), false)
 4 FCPATH\index.php(67): CodeIgniter\CodeIgniter->run()
CRITICAL - 2023-04-24 03:47:07 --> Call to undefined method App\Models\Categoria::all()
in APPPATH\Controllers\Libros.php on line 15.
 1 SYSTEMPATH\CodeIgniter.php(934): App\Controllers\Libros->index()
 2 SYSTEMPATH\CodeIgniter.php(499): CodeIgniter\CodeIgniter->runController(Object(App\Controllers\Libros))
 3 SYSTEMPATH\CodeIgniter.php(368): CodeIgniter\CodeIgniter->handleRequest(null, Object(Config\Cache), false)
 4 FCPATH\index.php(67): CodeIgniter\CodeIgniter->run()
CRITICAL - 2023-04-24 03:59:51 --> Call to a member function orderBy() on null
in APPPATH\Controllers\Libros.php on line 14.
 1 SYSTEMPATH\CodeIgniter.php(934): App\Controllers\Libros->index()
 2 SYSTEMPATH\CodeIgniter.php(499): CodeIgniter\CodeIgniter->runController(Object(App\Controllers\Libros))
 3 SYSTEMPATH\CodeIgniter.php(368): CodeIgniter\CodeIgniter->handleRequest(null, Object(Config\Cache), false)
 4 FCPATH\index.php(67): CodeIgniter\CodeIgniter->run()
CRITICAL - 2023-04-24 04:02:13 --> Call to a member function orderBy() on null
in APPPATH\Controllers\Libros.php on line 14.
 1 SYSTEMPATH\CodeIgniter.php(934): App\Controllers\Libros->index()
 2 SYSTEMPATH\CodeIgniter.php(499): CodeIgniter\CodeIgniter->runController(Object(App\Controllers\Libros))
 3 SYSTEMPATH\CodeIgniter.php(368): CodeIgniter\CodeIgniter->handleRequest(null, Object(Config\Cache), false)
 4 FCPATH\index.php(67): CodeIgniter\CodeIgniter->run()
ERROR - 2023-04-24 05:03:32 --> mysqli_sql_exception: Table 'bibliotecaci.categoria' doesn't exist in C:\xampp\htdocs\bibliotecaCI\system\Database\MySQLi\Connection.php:295
Stack trace:
#0 C:\xampp\htdocs\bibliotecaCI\system\Database\MySQLi\Connection.php(295): mysqli->query('SELECT `libro`....', 0)
#1 C:\xampp\htdocs\bibliotecaCI\system\Database\BaseConnection.php(691): CodeIgniter\Database\MySQLi\Connection->execute('SELECT `libro`....')
#2 C:\xampp\htdocs\bibliotecaCI\system\Database\BaseConnection.php(605): CodeIgniter\Database\BaseConnection->simpleQuery('SELECT `libro`....')
#3 C:\xampp\htdocs\bibliotecaCI\system\Database\BaseBuilder.php(1616): CodeIgniter\Database\BaseConnection->query('SELECT `libro`....', Array, false)
#4 C:\xampp\htdocs\bibliotecaCI\system\Model.php(241): CodeIgniter\Database\BaseBuilder->get()
#5 C:\xampp\htdocs\bibliotecaCI\system\BaseModel.php(618): CodeIgniter\Model->doFindAll(0, 0)
#6 C:\xampp\htdocs\bibliotecaCI\app\Controllers\Libros.php(15): CodeIgniter\BaseModel->findAll()
#7 C:\xampp\htdocs\bibliotecaCI\system\CodeIgniter.php(934): App\Controllers\Libros->index()
#8 C:\xampp\htdocs\bibliotecaCI\system\CodeIgniter.php(499): CodeIgniter\CodeIgniter->runController(Object(App\Controllers\Libros))
#9 C:\xampp\htdocs\bibliotecaCI\system\CodeIgniter.php(368): CodeIgniter\CodeIgniter->handleRequest(NULL, Object(Config\Cache), false)
#10 C:\xampp\htdocs\bibliotecaCI\public\index.php(67): CodeIgniter\CodeIgniter->run()
#11 {main}
CRITICAL - 2023-04-24 05:03:32 --> Table 'bibliotecaci.categoria' doesn't exist
in SYSTEMPATH\Database\MySQLi\Connection.php on line 295.
 1 SYSTEMPATH\Database\MySQLi\Connection.php(295): mysqli->query('SELECT `libro`.*, `categoria`.`descripcion`
FROM `libros`
LEFT JOIN `categoria` ON `categoria`.`id` = `libro`.`id_categoria`
ORDER BY `libro`.`id` ASC', 0)
 2 SYSTEMPATH\Database\BaseConnection.php(691): CodeIgniter\Database\MySQLi\Connection->execute('SELECT `libro`.*, `categoria`.`descripcion`
FROM `libros`
LEFT JOIN `categoria` ON `categoria`.`id` = `libro`.`id_categoria`
ORDER BY `libro`.`id` ASC')
 3 SYSTEMPATH\Database\BaseConnection.php(605): CodeIgniter\Database\BaseConnection->simpleQuery('SELECT `libro`.*, `categoria`.`descripcion`
FROM `libros`
LEFT JOIN `categoria` ON `categoria`.`id` = `libro`.`id_categoria`
ORDER BY `libro`.`id` ASC')
 4 SYSTEMPATH\Database\BaseBuilder.php(1616): CodeIgniter\Database\BaseConnection->query('SELECT `libro`.*, `categoria`.`descripcion`
FROM `libros`
LEFT JOIN `categoria` ON `categoria`.`id` = `libro`.`id_categoria`
ORDER BY `libro`.`id` ASC', [], false)
 5 SYSTEMPATH\Model.php(241): CodeIgniter\Database\BaseBuilder->get()
 6 SYSTEMPATH\BaseModel.php(618): CodeIgniter\Model->doFindAll(0, 0)
 7 APPPATH\Controllers\Libros.php(15): CodeIgniter\BaseModel->findAll()
 8 SYSTEMPATH\CodeIgniter.php(934): App\Controllers\Libros->index()
 9 SYSTEMPATH\CodeIgniter.php(499): CodeIgniter\CodeIgniter->runController(Object(App\Controllers\Libros))
10 SYSTEMPATH\CodeIgniter.php(368): CodeIgniter\CodeIgniter->handleRequest(null, Object(Config\Cache), false)
11 FCPATH\index.php(67): CodeIgniter\CodeIgniter->run()
ERROR - 2023-04-24 05:03:37 --> mysqli_sql_exception: Unknown table 'bibliotecaci.libro' in C:\xampp\htdocs\bibliotecaCI\system\Database\MySQLi\Connection.php:295
Stack trace:
#0 C:\xampp\htdocs\bibliotecaCI\system\Database\MySQLi\Connection.php(295): mysqli->query('SELECT `libro`....', 0)
#1 C:\xampp\htdocs\bibliotecaCI\system\Database\BaseConnection.php(691): CodeIgniter\Database\MySQLi\Connection->execute('SELECT `libro`....')
#2 C:\xampp\htdocs\bibliotecaCI\system\Database\BaseConnection.php(605): CodeIgniter\Database\BaseConnection->simpleQuery('SELECT `libro`....')
#3 C:\xampp\htdocs\bibliotecaCI\system\Database\BaseBuilder.php(1616): CodeIgniter\Database\BaseConnection->query('SELECT `libro`....', Array, false)
#4 C:\xampp\htdocs\bibliotecaCI\system\Model.php(241): CodeIgniter\Database\BaseBuilder->get()
#5 C:\xampp\htdocs\bibliotecaCI\system\BaseModel.php(618): CodeIgniter\Model->doFindAll(0, 0)
#6 C:\xampp\htdocs\bibliotecaCI\app\Controllers\Libros.php(15): CodeIgniter\BaseModel->findAll()
#7 C:\xampp\htdocs\bibliotecaCI\system\CodeIgniter.php(934): App\Controllers\Libros->index()
#8 C:\xampp\htdocs\bibliotecaCI\system\CodeIgniter.php(499): CodeIgniter\CodeIgniter->runController(Object(App\Controllers\Libros))
#9 C:\xampp\htdocs\bibliotecaCI\system\CodeIgniter.php(368): CodeIgniter\CodeIgniter->handleRequest(NULL, Object(Config\Cache), false)
#10 C:\xampp\htdocs\bibliotecaCI\public\index.php(67): CodeIgniter\CodeIgniter->run()
#11 {main}
CRITICAL - 2023-04-24 05:03:37 --> Unknown table 'bibliotecaci.libro'
in SYSTEMPATH\Database\MySQLi\Connection.php on line 295.
 1 SYSTEMPATH\Database\MySQLi\Connection.php(295): mysqli->query('SELECT `libro`.*, `categoria`.`descripcion`
FROM `libros`
LEFT JOIN `categorias` ON `categoria`.`id` = `libro`.`id_categoria`
ORDER BY `libro`.`id` ASC', 0)
 2 SYSTEMPATH\Database\BaseConnection.php(691): CodeIgniter\Database\MySQLi\Connection->execute('SELECT `libro`.*, `categoria`.`descripcion`
FROM `libros`
LEFT JOIN `categorias` ON `categoria`.`id` = `libro`.`id_categoria`
ORDER BY `libro`.`id` ASC')
 3 SYSTEMPATH\Database\BaseConnection.php(605): CodeIgniter\Database\BaseConnection->simpleQuery('SELECT `libro`.*, `categoria`.`descripcion`
FROM `libros`
LEFT JOIN `categorias` ON `categoria`.`id` = `libro`.`id_categoria`
ORDER BY `libro`.`id` ASC')
 4 SYSTEMPATH\Database\BaseBuilder.php(1616): CodeIgniter\Database\BaseConnection->query('SELECT `libro`.*, `categoria`.`descripcion`
FROM `libros`
LEFT JOIN `categorias` ON `categoria`.`id` = `libro`.`id_categoria`
ORDER BY `libro`.`id` ASC', [], false)
 5 SYSTEMPATH\Model.php(241): CodeIgniter\Database\BaseBuilder->get()
 6 SYSTEMPATH\BaseModel.php(618): CodeIgniter\Model->doFindAll(0, 0)
 7 APPPATH\Controllers\Libros.php(15): CodeIgniter\BaseModel->findAll()
 8 SYSTEMPATH\CodeIgniter.php(934): App\Controllers\Libros->index()
 9 SYSTEMPATH\CodeIgniter.php(499): CodeIgniter\CodeIgniter->runController(Object(App\Controllers\Libros))
10 SYSTEMPATH\CodeIgniter.php(368): CodeIgniter\CodeIgniter->handleRequest(null, Object(Config\Cache), false)
11 FCPATH\index.php(67): CodeIgniter\CodeIgniter->run()
ERROR - 2023-04-24 05:03:41 --> mysqli_sql_exception: Unknown column 'categoria.descripcion' in 'field list' in C:\xampp\htdocs\bibliotecaCI\system\Database\MySQLi\Connection.php:295
Stack trace:
#0 C:\xampp\htdocs\bibliotecaCI\system\Database\MySQLi\Connection.php(295): mysqli->query('SELECT `libros`...', 0)
#1 C:\xampp\htdocs\bibliotecaCI\system\Database\BaseConnection.php(691): CodeIgniter\Database\MySQLi\Connection->execute('SELECT `libros`...')
#2 C:\xampp\htdocs\bibliotecaCI\system\Database\BaseConnection.php(605): CodeIgniter\Database\BaseConnection->simpleQuery('SELECT `libros`...')
#3 C:\xampp\htdocs\bibliotecaCI\system\Database\BaseBuilder.php(1616): CodeIgniter\Database\BaseConnection->query('SELECT `libros`...', Array, false)
#4 C:\xampp\htdocs\bibliotecaCI\system\Model.php(241): CodeIgniter\Database\BaseBuilder->get()
#5 C:\xampp\htdocs\bibliotecaCI\system\BaseModel.php(618): CodeIgniter\Model->doFindAll(0, 0)
#6 C:\xampp\htdocs\bibliotecaCI\app\Controllers\Libros.php(15): CodeIgniter\BaseModel->findAll()
#7 C:\xampp\htdocs\bibliotecaCI\system\CodeIgniter.php(934): App\Controllers\Libros->index()
#8 C:\xampp\htdocs\bibliotecaCI\system\CodeIgniter.php(499): CodeIgniter\CodeIgniter->runController(Object(App\Controllers\Libros))
#9 C:\xampp\htdocs\bibliotecaCI\system\CodeIgniter.php(368): CodeIgniter\CodeIgniter->handleRequest(NULL, Object(Config\Cache), false)
#10 C:\xampp\htdocs\bibliotecaCI\public\index.php(67): CodeIgniter\CodeIgniter->run()
#11 {main}
CRITICAL - 2023-04-24 05:03:41 --> Unknown column 'categoria.descripcion' in 'field list'
in SYSTEMPATH\Database\MySQLi\Connection.php on line 295.
 1 SYSTEMPATH\Database\MySQLi\Connection.php(295): mysqli->query('SELECT `libros`.*, `categoria`.`descripcion`
FROM `libros`
LEFT JOIN `categorias` ON `categoria`.`id` = `libro`.`id_categoria`
ORDER BY `libro`.`id` ASC', 0)
 2 SYSTEMPATH\Database\BaseConnection.php(691): CodeIgniter\Database\MySQLi\Connection->execute('SELECT `libros`.*, `categoria`.`descripcion`
FROM `libros`
LEFT JOIN `categorias` ON `categoria`.`id` = `libro`.`id_categoria`
ORDER BY `libro`.`id` ASC')
 3 SYSTEMPATH\Database\BaseConnection.php(605): CodeIgniter\Database\BaseConnection->simpleQuery('SELECT `libros`.*, `categoria`.`descripcion`
FROM `libros`
LEFT JOIN `categorias` ON `categoria`.`id` = `libro`.`id_categoria`
ORDER BY `libro`.`id` ASC')
 4 SYSTEMPATH\Database\BaseBuilder.php(1616): CodeIgniter\Database\BaseConnection->query('SELECT `libros`.*, `categoria`.`descripcion`
FROM `libros`
LEFT JOIN `categorias` ON `categoria`.`id` = `libro`.`id_categoria`
ORDER BY `libro`.`id` ASC', [], false)
 5 SYSTEMPATH\Model.php(241): CodeIgniter\Database\BaseBuilder->get()
 6 SYSTEMPATH\BaseModel.php(618): CodeIgniter\Model->doFindAll(0, 0)
 7 APPPATH\Controllers\Libros.php(15): CodeIgniter\BaseModel->findAll()
 8 SYSTEMPATH\CodeIgniter.php(934): App\Controllers\Libros->index()
 9 SYSTEMPATH\CodeIgniter.php(499): CodeIgniter\CodeIgniter->runController(Object(App\Controllers\Libros))
10 SYSTEMPATH\CodeIgniter.php(368): CodeIgniter\CodeIgniter->handleRequest(null, Object(Config\Cache), false)
11 FCPATH\index.php(67): CodeIgniter\CodeIgniter->run()
ERROR - 2023-04-24 05:03:48 --> mysqli_sql_exception: Unknown column 'categoria.id' in 'on clause' in C:\xampp\htdocs\bibliotecaCI\system\Database\MySQLi\Connection.php:295
Stack trace:
#0 C:\xampp\htdocs\bibliotecaCI\system\Database\MySQLi\Connection.php(295): mysqli->query('SELECT `libros`...', 0)
#1 C:\xampp\htdocs\bibliotecaCI\system\Database\BaseConnection.php(691): CodeIgniter\Database\MySQLi\Connection->execute('SELECT `libros`...')
#2 C:\xampp\htdocs\bibliotecaCI\system\Database\BaseConnection.php(605): CodeIgniter\Database\BaseConnection->simpleQuery('SELECT `libros`...')
#3 C:\xampp\htdocs\bibliotecaCI\system\Database\BaseBuilder.php(1616): CodeIgniter\Database\BaseConnection->query('SELECT `libros`...', Array, false)
#4 C:\xampp\htdocs\bibliotecaCI\system\Model.php(241): CodeIgniter\Database\BaseBuilder->get()
#5 C:\xampp\htdocs\bibliotecaCI\system\BaseModel.php(618): CodeIgniter\Model->doFindAll(0, 0)
#6 C:\xampp\htdocs\bibliotecaCI\app\Controllers\Libros.php(15): CodeIgniter\BaseModel->findAll()
#7 C:\xampp\htdocs\bibliotecaCI\system\CodeIgniter.php(934): App\Controllers\Libros->index()
#8 C:\xampp\htdocs\bibliotecaCI\system\CodeIgniter.php(499): CodeIgniter\CodeIgniter->runController(Object(App\Controllers\Libros))
#9 C:\xampp\htdocs\bibliotecaCI\system\CodeIgniter.php(368): CodeIgniter\CodeIgniter->handleRequest(NULL, Object(Config\Cache), false)
#10 C:\xampp\htdocs\bibliotecaCI\public\index.php(67): CodeIgniter\CodeIgniter->run()
#11 {main}
CRITICAL - 2023-04-24 05:03:48 --> Unknown column 'categoria.id' in 'on clause'
in SYSTEMPATH\Database\MySQLi\Connection.php on line 295.
 1 SYSTEMPATH\Database\MySQLi\Connection.php(295): mysqli->query('SELECT `libros`.*, `categorias`.`descripcion`
FROM `libros`
LEFT JOIN `categorias` ON `categoria`.`id` = `libro`.`id_categoria`
ORDER BY `libro`.`id` ASC', 0)
 2 SYSTEMPATH\Database\BaseConnection.php(691): CodeIgniter\Database\MySQLi\Connection->execute('SELECT `libros`.*, `categorias`.`descripcion`
FROM `libros`
LEFT JOIN `categorias` ON `categoria`.`id` = `libro`.`id_categoria`
ORDER BY `libro`.`id` ASC')
 3 SYSTEMPATH\Database\BaseConnection.php(605): CodeIgniter\Database\BaseConnection->simpleQuery('SELECT `libros`.*, `categorias`.`descripcion`
FROM `libros`
LEFT JOIN `categorias` ON `categoria`.`id` = `libro`.`id_categoria`
ORDER BY `libro`.`id` ASC')
 4 SYSTEMPATH\Database\BaseBuilder.php(1616): CodeIgniter\Database\BaseConnection->query('SELECT `libros`.*, `categorias`.`descripcion`
FROM `libros`
LEFT JOIN `categorias` ON `categoria`.`id` = `libro`.`id_categoria`
ORDER BY `libro`.`id` ASC', [], false)
 5 SYSTEMPATH\Model.php(241): CodeIgniter\Database\BaseBuilder->get()
 6 SYSTEMPATH\BaseModel.php(618): CodeIgniter\Model->doFindAll(0, 0)
 7 APPPATH\Controllers\Libros.php(15): CodeIgniter\BaseModel->findAll()
 8 SYSTEMPATH\CodeIgniter.php(934): App\Controllers\Libros->index()
 9 SYSTEMPATH\CodeIgniter.php(499): CodeIgniter\CodeIgniter->runController(Object(App\Controllers\Libros))
10 SYSTEMPATH\CodeIgniter.php(368): CodeIgniter\CodeIgniter->handleRequest(null, Object(Config\Cache), false)
11 FCPATH\index.php(67): CodeIgniter\CodeIgniter->run()
ERROR - 2023-04-24 05:03:51 --> mysqli_sql_exception: Unknown column 'libro.id_categoria' in 'on clause' in C:\xampp\htdocs\bibliotecaCI\system\Database\MySQLi\Connection.php:295
Stack trace:
#0 C:\xampp\htdocs\bibliotecaCI\system\Database\MySQLi\Connection.php(295): mysqli->query('SELECT `libros`...', 0)
#1 C:\xampp\htdocs\bibliotecaCI\system\Database\BaseConnection.php(691): CodeIgniter\Database\MySQLi\Connection->execute('SELECT `libros`...')
#2 C:\xampp\htdocs\bibliotecaCI\system\Database\BaseConnection.php(605): CodeIgniter\Database\BaseConnection->simpleQuery('SELECT `libros`...')
#3 C:\xampp\htdocs\bibliotecaCI\system\Database\BaseBuilder.php(1616): CodeIgniter\Database\BaseConnection->query('SELECT `libros`...', Array, false)
#4 C:\xampp\htdocs\bibliotecaCI\system\Model.php(241): CodeIgniter\Database\BaseBuilder->get()
#5 C:\xampp\htdocs\bibliotecaCI\system\BaseModel.php(618): CodeIgniter\Model->doFindAll(0, 0)
#6 C:\xampp\htdocs\bibliotecaCI\app\Controllers\Libros.php(15): CodeIgniter\BaseModel->findAll()
#7 C:\xampp\htdocs\bibliotecaCI\system\CodeIgniter.php(934): App\Controllers\Libros->index()
#8 C:\xampp\htdocs\bibliotecaCI\system\CodeIgniter.php(499): CodeIgniter\CodeIgniter->runController(Object(App\Controllers\Libros))
#9 C:\xampp\htdocs\bibliotecaCI\system\CodeIgniter.php(368): CodeIgniter\CodeIgniter->handleRequest(NULL, Object(Config\Cache), false)
#10 C:\xampp\htdocs\bibliotecaCI\public\index.php(67): CodeIgniter\CodeIgniter->run()
#11 {main}
CRITICAL - 2023-04-24 05:03:51 --> Unknown column 'libro.id_categoria' in 'on clause'
in SYSTEMPATH\Database\MySQLi\Connection.php on line 295.
 1 SYSTEMPATH\Database\MySQLi\Connection.php(295): mysqli->query('SELECT `libros`.*, `categorias`.`descripcion`
FROM `libros`
LEFT JOIN `categorias` ON `categorias`.`id` = `libro`.`id_categoria`
ORDER BY `libro`.`id` ASC', 0)
 2 SYSTEMPATH\Database\BaseConnection.php(691): CodeIgniter\Database\MySQLi\Connection->execute('SELECT `libros`.*, `categorias`.`descripcion`
FROM `libros`
LEFT JOIN `categorias` ON `categorias`.`id` = `libro`.`id_categoria`
ORDER BY `libro`.`id` ASC')
 3 SYSTEMPATH\Database\BaseConnection.php(605): CodeIgniter\Database\BaseConnection->simpleQuery('SELECT `libros`.*, `categorias`.`descripcion`
FROM `libros`
LEFT JOIN `categorias` ON `categorias`.`id` = `libro`.`id_categoria`
ORDER BY `libro`.`id` ASC')
 4 SYSTEMPATH\Database\BaseBuilder.php(1616): CodeIgniter\Database\BaseConnection->query('SELECT `libros`.*, `categorias`.`descripcion`
FROM `libros`
LEFT JOIN `categorias` ON `categorias`.`id` = `libro`.`id_categoria`
ORDER BY `libro`.`id` ASC', [], false)
 5 SYSTEMPATH\Model.php(241): CodeIgniter\Database\BaseBuilder->get()
 6 SYSTEMPATH\BaseModel.php(618): CodeIgniter\Model->doFindAll(0, 0)
 7 APPPATH\Controllers\Libros.php(15): CodeIgniter\BaseModel->findAll()
 8 SYSTEMPATH\CodeIgniter.php(934): App\Controllers\Libros->index()
 9 SYSTEMPATH\CodeIgniter.php(499): CodeIgniter\CodeIgniter->runController(Object(App\Controllers\Libros))
10 SYSTEMPATH\CodeIgniter.php(368): CodeIgniter\CodeIgniter->handleRequest(null, Object(Config\Cache), false)
11 FCPATH\index.php(67): CodeIgniter\CodeIgniter->run()
ERROR - 2023-04-24 05:03:57 --> mysqli_sql_exception: Unknown column 'libro.id' in 'order clause' in C:\xampp\htdocs\bibliotecaCI\system\Database\MySQLi\Connection.php:295
Stack trace:
#0 C:\xampp\htdocs\bibliotecaCI\system\Database\MySQLi\Connection.php(295): mysqli->query('SELECT `libros`...', 0)
#1 C:\xampp\htdocs\bibliotecaCI\system\Database\BaseConnection.php(691): CodeIgniter\Database\MySQLi\Connection->execute('SELECT `libros`...')
#2 C:\xampp\htdocs\bibliotecaCI\system\Database\BaseConnection.php(605): CodeIgniter\Database\BaseConnection->simpleQuery('SELECT `libros`...')
#3 C:\xampp\htdocs\bibliotecaCI\system\Database\BaseBuilder.php(1616): CodeIgniter\Database\BaseConnection->query('SELECT `libros`...', Array, false)
#4 C:\xampp\htdocs\bibliotecaCI\system\Model.php(241): CodeIgniter\Database\BaseBuilder->get()
#5 C:\xampp\htdocs\bibliotecaCI\system\BaseModel.php(618): CodeIgniter\Model->doFindAll(0, 0)
#6 C:\xampp\htdocs\bibliotecaCI\app\Controllers\Libros.php(15): CodeIgniter\BaseModel->findAll()
#7 C:\xampp\htdocs\bibliotecaCI\system\CodeIgniter.php(934): App\Controllers\Libros->index()
#8 C:\xampp\htdocs\bibliotecaCI\system\CodeIgniter.php(499): CodeIgniter\CodeIgniter->runController(Object(App\Controllers\Libros))
#9 C:\xampp\htdocs\bibliotecaCI\system\CodeIgniter.php(368): CodeIgniter\CodeIgniter->handleRequest(NULL, Object(Config\Cache), false)
#10 C:\xampp\htdocs\bibliotecaCI\public\index.php(67): CodeIgniter\CodeIgniter->run()
#11 {main}
CRITICAL - 2023-04-24 05:03:57 --> Unknown column 'libro.id' in 'order clause'
in SYSTEMPATH\Database\MySQLi\Connection.php on line 295.
 1 SYSTEMPATH\Database\MySQLi\Connection.php(295): mysqli->query('SELECT `libros`.*, `categorias`.`descripcion`
FROM `libros`
LEFT JOIN `categorias` ON `categorias`.`id` = `libros`.`id_categoria`
ORDER BY `libro`.`id` ASC', 0)
 2 SYSTEMPATH\Database\BaseConnection.php(691): CodeIgniter\Database\MySQLi\Connection->execute('SELECT `libros`.*, `categorias`.`descripcion`
FROM `libros`
LEFT JOIN `categorias` ON `categorias`.`id` = `libros`.`id_categoria`
ORDER BY `libro`.`id` ASC')
 3 SYSTEMPATH\Database\BaseConnection.php(605): CodeIgniter\Database\BaseConnection->simpleQuery('SELECT `libros`.*, `categorias`.`descripcion`
FROM `libros`
LEFT JOIN `categorias` ON `categorias`.`id` = `libros`.`id_categoria`
ORDER BY `libro`.`id` ASC')
 4 SYSTEMPATH\Database\BaseBuilder.php(1616): CodeIgniter\Database\BaseConnection->query('SELECT `libros`.*, `categorias`.`descripcion`
FROM `libros`
LEFT JOIN `categorias` ON `categorias`.`id` = `libros`.`id_categoria`
ORDER BY `libro`.`id` ASC', [], false)
 5 SYSTEMPATH\Model.php(241): CodeIgniter\Database\BaseBuilder->get()
 6 SYSTEMPATH\BaseModel.php(618): CodeIgniter\Model->doFindAll(0, 0)
 7 APPPATH\Controllers\Libros.php(15): CodeIgniter\BaseModel->findAll()
 8 SYSTEMPATH\CodeIgniter.php(934): App\Controllers\Libros->index()
 9 SYSTEMPATH\CodeIgniter.php(499): CodeIgniter\CodeIgniter->runController(Object(App\Controllers\Libros))
10 SYSTEMPATH\CodeIgniter.php(368): CodeIgniter\CodeIgniter->handleRequest(null, Object(Config\Cache), false)
11 FCPATH\index.php(67): CodeIgniter\CodeIgniter->run()
CRITICAL - 2023-04-24 05:15:37 --> unlink(../public/uploads/): Is a directory
in APPPATH\Controllers\Libros.php on line 67.
 1 [internal function]: CodeIgniter\Debug\Exceptions->errorHandler(2, 'unlink(../public/uploads/): Is a directory', 'C:\\xampp\\htdocs\\bibliotecaCI\\app\\Controllers\\Libros.php', 67, [...])
 2 APPPATH\Controllers\Libros.php(67): unlink('../public/uploads/')
 3 SYSTEMPATH\CodeIgniter.php(934): App\Controllers\Libros->borrar('38')
 4 SYSTEMPATH\CodeIgniter.php(499): CodeIgniter\CodeIgniter->runController(Object(App\Controllers\Libros))
 5 SYSTEMPATH\CodeIgniter.php(368): CodeIgniter\CodeIgniter->handleRequest(null, Object(Config\Cache), false)
 6 FCPATH\index.php(67): CodeIgniter\CodeIgniter->run()
CRITICAL - 2023-04-24 05:15:58 --> unlink(../public/uploads/): Is a directory
in APPPATH\Controllers\Libros.php on line 67.
 1 [internal function]: CodeIgniter\Debug\Exceptions->errorHandler(2, 'unlink(../public/uploads/): Is a directory', 'C:\\xampp\\htdocs\\bibliotecaCI\\app\\Controllers\\Libros.php', 67, [...])
 2 APPPATH\Controllers\Libros.php(67): unlink('../public/uploads/')
 3 SYSTEMPATH\CodeIgniter.php(934): App\Controllers\Libros->borrar('41')
 4 SYSTEMPATH\CodeIgniter.php(499): CodeIgniter\CodeIgniter->runController(Object(App\Controllers\Libros))
 5 SYSTEMPATH\CodeIgniter.php(368): CodeIgniter\CodeIgniter->handleRequest(null, Object(Config\Cache), false)
 6 FCPATH\index.php(67): CodeIgniter\CodeIgniter->run()
CRITICAL - 2023-04-24 05:16:54 --> unlink(../public/uploads/): Is a directory
in APPPATH\Controllers\Libros.php on line 67.
 1 [internal function]: CodeIgniter\Debug\Exceptions->errorHandler(2, 'unlink(../public/uploads/): Is a directory', 'C:\\xampp\\htdocs\\bibliotecaCI\\app\\Controllers\\Libros.php', 67, [...])
 2 APPPATH\Controllers\Libros.php(67): unlink('../public/uploads/')
 3 SYSTEMPATH\CodeIgniter.php(934): App\Controllers\Libros->borrar('43')
 4 SYSTEMPATH\CodeIgniter.php(499): CodeIgniter\CodeIgniter->runController(Object(App\Controllers\Libros))
 5 SYSTEMPATH\CodeIgniter.php(368): CodeIgniter\CodeIgniter->handleRequest(null, Object(Config\Cache), false)
 6 FCPATH\index.php(67): CodeIgniter\CodeIgniter->run()
CRITICAL - 2023-04-24 22:49:53 --> Class 'App\Controllers\Libro' not found
in APPPATH\Controllers\Categorias.php on line 35.
 1 SYSTEMPATH\CodeIgniter.php(934): App\Controllers\Categorias->borrarCat('28')
 2 SYSTEMPATH\CodeIgniter.php(499): CodeIgniter\CodeIgniter->runController(Object(App\Controllers\Categorias))
 3 SYSTEMPATH\CodeIgniter.php(368): CodeIgniter\CodeIgniter->handleRequest(null, Object(Config\Cache), false)
 4 FCPATH\index.php(67): CodeIgniter\CodeIgniter->run()
CRITICAL - 2023-04-24 23:13:39 --> syntax error, unexpected '}', expecting end of file
in APPPATH\Views\template\cabecera.php on line 34.
 1 SYSTEMPATH\View\View.php(216): CodeIgniter\View\View->CodeIgniter\View\{closure}()
 2 SYSTEMPATH\Common.php(1184): CodeIgniter\View\View->render('template/cabecera', [], true)
 3 APPPATH\Controllers\Libros.php(16): view('template/cabecera')
 4 SYSTEMPATH\CodeIgniter.php(934): App\Controllers\Libros->index()
 5 SYSTEMPATH\CodeIgniter.php(499): CodeIgniter\CodeIgniter->runController(Object(App\Controllers\Libros))
 6 SYSTEMPATH\CodeIgniter.php(368): CodeIgniter\CodeIgniter->handleRequest(null, Object(Config\Cache), false)
 7 FCPATH\index.php(67): CodeIgniter\CodeIgniter->run()
